<?xml version="1.0" encoding="UTF-8"?>
<!-- Generated by org.testng.reporters.JUnitReportReporter -->
<testsuite skipped="0" hostname="TYSS-4F-Wacom02" name="scripts.Validloginn" tests="1" failures="0" timestamp="29 Oct 2018 05:52:39 GMT" time="93.170" errors="0">
  <testcase name="login" time="93.170" classname="scripts.Validloginn"/>
</testsuite> <!-- scripts.Validloginn -->
